# JRE version: Java(TM) SE Runtime Environment (8.0_311-b11) (build 1.8.0_311-b11)
# Java VM: Java HotSpot(TM) 64-Bit Server VM (25.311-b11 mixed mode windows-amd64 compressed oops)
Heap:
 PSYoungGen      total 160768K, used 9701K [0x00000000f5580000, 0x00000000fff80000, 0x0000000100000000)
  eden space 148480K, 6% used [0x00000000f5580000,0x00000000f5ef9430,0x00000000fe680000)
  from space 12288K, 0% used [0x00000000ff380000,0x00000000ff380000,0x00000000fff80000)
  to   space 12800K, 0% used [0x00000000fe680000,0x00000000fe680000,0x00000000ff300000)
 ParOldGen       total 175104K, used 14361K [0x00000000e0000000, 0x00000000eab00000, 0x00000000f5580000)
  object space 175104K, 8% used [0x00000000e0000000,0x00000000e0e065c0,0x00000000eab00000)
 Metaspace       used 29954K, capacity 31388K, committed 31616K, reserved 1077248K
  class space    used 4312K, capacity 4622K, committed 4736K, reserved 1048576K
GC Heap History (10 events):
Event: 6.727 GC heap before
{Heap before GC invocations=6 (full 0):
 PSYoungGen      total 76288K, used 64186K [0x00000000f5580000, 0x00000000fed80000, 0x0000000100000000)
  eden space 65536K, 81% used [0x00000000f5580000,0x00000000f89d6c30,0x00000000f9580000)
  from space 10752K, 98% used [0x00000000f9580000,0x00000000f9fd7f18,0x00000000fa000000)
  to   space 12288K, 0% used [0x00000000fe180000,0x00000000fe180000,0x00000000fed80000)
 ParOldGen       total 175104K, used 40K [0x00000000e0000000, 0x00000000eab00000, 0x00000000f5580000)
  object space 175104K, 0% used [0x00000000e0000000,0x00000000e000a000,0x00000000eab00000)
 Metaspace       used 20299K, capacity 21196K, committed 21296K, reserved 1067008K
  class space    used 2920K, capacity 3150K, committed 3200K, reserved 1048576K
Event: 6.742 GC heap after
Heap after GC invocations=6 (full 0):
 PSYoungGen      total 142336K, used 10265K [0x00000000f5580000, 0x00000000fef80000, 0x0000000100000000)
  eden space 130048K, 0% used [0x00000000f5580000,0x00000000f5580000,0x00000000fd480000)
  from space 12288K, 83% used [0x00000000fe180000,0x00000000feb864a0,0x00000000fed80000)
  to   space 13312K, 0% used [0x00000000fd480000,0x00000000fd480000,0x00000000fe180000)
 ParOldGen       total 175104K, used 48K [0x00000000e0000000, 0x00000000eab00000, 0x00000000f5580000)
  object space 175104K, 0% used [0x00000000e0000000,0x00000000e000c000,0x00000000eab00000)
 Metaspace       used 20299K, capacity 21196K, committed 21296K, reserved 1067008K
  class space    used 2920K, capacity 3150K, committed 3200K, reserved 1048576K
}
Event: 6.742 GC heap before
{Heap before GC invocations=7 (full 1):
 PSYoungGen      total 142336K, used 10265K [0x00000000f5580000, 0x00000000fef80000, 0x0000000100000000)
  eden space 130048K, 0% used [0x00000000f5580000,0x00000000f5580000,0x00000000fd480000)
  from space 12288K, 83% used [0x00000000fe180000,0x00000000feb864a0,0x00000000fed80000)
  to   space 13312K, 0% used [0x00000000fd480000,0x00000000fd480000,0x00000000fe180000)
 ParOldGen       total 175104K, used 48K [0x00000000e0000000, 0x00000000eab00000, 0x00000000f5580000)
  object space 175104K, 0% used [0x00000000e0000000,0x00000000e000c000,0x00000000eab00000)
 Metaspace       used 20299K, capacity 21196K, committed 21296K, reserved 1067008K
  class space    used 2920K, capacity 3150K, committed 3200K, reserved 1048576K
Event: 6.801 GC heap after
Heap after GC invocations=7 (full 1):
 PSYoungGen      total 142336K, used 0K [0x00000000f5580000, 0x00000000fef80000, 0x0000000100000000)
  eden space 130048K, 0% used [0x00000000f5580000,0x00000000f5580000,0x00000000fd480000)
  from space 12288K, 0% used [0x00000000fe180000,0x00000000fe180000,0x00000000fed80000)
  to   space 13312K, 0% used [0x00000000fd480000,0x00000000fd480000,0x00000000fe180000)
 ParOldGen       total 175104K, used 10028K [0x00000000e0000000, 0x00000000eab00000, 0x00000000f5580000)
  object space 175104K, 5% used [0x00000000e0000000,0x00000000e09cb398,0x00000000eab00000)
 Metaspace       used 20299K, capacity 21196K, committed 21296K, reserved 1067008K
  class space    used 2920K, capacity 3150K, committed 3200K, reserved 1048576K
}
Event: 7.730 GC heap before
{Heap before GC invocations=8 (full 1):
 PSYoungGen      total 142336K, used 130048K [0x00000000f5580000, 0x00000000fef80000, 0x0000000100000000)
  eden space 130048K, 100% used [0x00000000f5580000,0x00000000fd480000,0x00000000fd480000)
  from space 12288K, 0% used [0x00000000fe180000,0x00000000fe180000,0x00000000fed80000)
  to   space 13312K, 0% used [0x00000000fd480000,0x00000000fd480000,0x00000000fe180000)
 ParOldGen       total 175104K, used 10028K [0x00000000e0000000, 0x00000000eab00000, 0x00000000f5580000)
  object space 175104K, 5% used [0x00000000e0000000,0x00000000e09cb398,0x00000000eab00000)
 Metaspace       used 26431K, capacity 27768K, committed 28032K, reserved 1073152K
  class space    used 3828K, capacity 4124K, committed 4224K, reserved 1048576K
Event: 7.740 GC heap after
Heap after GC invocations=8 (full 1):
 PSYoungGen      total 143360K, used 8781K [0x00000000f5580000, 0x0000000100000000, 0x0000000100000000)
  eden space 130048K, 0% used [0x00000000f5580000,0x00000000f5580000,0x00000000fd480000)
  from space 13312K, 65% used [0x00000000fd480000,0x00000000fdd13658,0x00000000fe180000)
  to   space 12800K, 0% used [0x00000000ff380000,0x00000000ff380000,0x0000000100000000)
 ParOldGen       total 175104K, used 10036K [0x00000000e0000000, 0x00000000eab00000, 0x00000000f5580000)
  object space 175104K, 5% used [0x00000000e0000000,0x00000000e09cd398,0x00000000eab00000)
 Metaspace       used 26431K, capacity 27768K, committed 28032K, reserved 1073152K
  class space    used 3828K, capacity 4124K, committed 4224K, reserved 1048576K
}
Event: 8.131 GC heap before
{Heap before GC invocations=9 (full 1):
 PSYoungGen      total 143360K, used 57261K [0x00000000f5580000, 0x0000000100000000, 0x0000000100000000)
  eden space 130048K, 37% used [0x00000000f5580000,0x00000000f84d7f68,0x00000000fd480000)
  from space 13312K, 65% used [0x00000000fd480000,0x00000000fdd13658,0x00000000fe180000)
  to   space 12800K, 0% used [0x00000000ff380000,0x00000000ff380000,0x0000000100000000)
 ParOldGen       total 175104K, used 10036K [0x00000000e0000000, 0x00000000eab00000, 0x00000000f5580000)
  object space 175104K, 5% used [0x00000000e0000000,0x00000000e09cd398,0x00000000eab00000)
 Metaspace       used 29213K, capacity 30644K, committed 30720K, reserved 1079296K
  class space    used 4261K, capacity 4588K, committed 4608K, reserved 1048576K
Event: 8.138 GC heap after
Heap after GC invocations=9 (full 1):
 PSYoungGen      total 160768K, used 6382K [0x00000000f5580000, 0x00000000fff80000, 0x0000000100000000)
  eden space 148480K, 0% used [0x00000000f5580000,0x00000000f5580000,0x00000000fe680000)
  from space 12288K, 51% used [0x00000000ff380000,0x00000000ff9bb9e8,0x00000000fff80000)
  to   space 12800K, 0% used [0x00000000fe680000,0x00000000fe680000,0x00000000ff300000)
 ParOldGen       total 175104K, used 10044K [0x00000000e0000000, 0x00000000eab00000, 0x00000000f5580000)
  object space 175104K, 5% used [0x00000000e0000000,0x00000000e09cf398,0x00000000eab00000)
 Metaspace       used 29213K, capacity 30644K, committed 30720K, reserved 1079296K
  class space    used 4261K, capacity 4588K, committed 4608K, reserved 1048576K
}
Event: 8.138 GC heap before
{Heap before GC invocations=10 (full 2):
 PSYoungGen      total 160768K, used 6382K [0x00000000f5580000, 0x00000000fff80000, 0x0000000100000000)
  eden space 148480K, 0% used [0x00000000f5580000,0x00000000f5580000,0x00000000fe680000)
  from space 12288K, 51% used [0x00000000ff380000,0x00000000ff9bb9e8,0x00000000fff80000)
  to   space 12800K, 0% used [0x00000000fe680000,0x00000000fe680000,0x00000000ff300000)
 ParOldGen       total 175104K, used 10044K [0x00000000e0000000, 0x00000000eab00000, 0x00000000f5580000)
  object space 175104K, 5% used [0x00000000e0000000,0x00000000e09cf398,0x00000000eab00000)
 Metaspace       used 29213K, capacity 30644K, committed 30720K, reserved 1079296K
  class space    used 4261K, capacity 4588K, committed 4608K, reserved 1048576K
Event: 8.180 GC heap after
Heap after GC invocations=10 (full 2):
 PSYoungGen      total 160768K, used 0K [0x00000000f5580000, 0x00000000fff80000, 0x0000000100000000)
  eden space 148480K, 0% used [0x00000000f5580000,0x00000000f5580000,0x00000000fe680000)
  from space 12288K, 0% used [0x00000000ff380000,0x00000000ff380000,0x00000000fff80000)
  to   space 12800K, 0% used [0x00000000fe680000,0x00000000fe680000,0x00000000ff300000)
 ParOldGen       total 175104K, used 14361K [0x00000000e0000000, 0x00000000eab00000, 0x00000000f5580000)
  object space 175104K, 8% used [0x00000000e0000000,0x00000000e0e065c0,0x00000000eab00000)
 Metaspace       used 29213K, capacity 30644K, committed 30720K, reserved 1077248K
  class space    used 4261K, capacity 4588K, committed 4608K, reserved 1048576K
}

