# JRE version: OpenJDK Runtime Environment Microsoft-11369865 (17.0.15+6) (build 17.0.15+6-LTS)
# Java VM: OpenJDK 64-Bit Server VM Microsoft-11369865 (17.0.15+6-LTS, mixed mode, sharing, tiered, compressed oops, compressed class ptrs, g1 gc, windows-amd64)
GC Precious Log:
 CPUs: 4 total, 4 available
 Memory: 15051M
 Large Page Support: Disabled
 NUMA Support: Disabled
 Compressed Oops: Enabled (32-bit)
 Heap Region Size: 1M
 Heap Min Capacity: 256M
 Heap Initial Capacity: 256M
 Heap Max Capacity: 512M
 Pre-touch: Disabled
 Parallel Workers: 4
 Concurrent Workers: 1
 Concurrent Refinement Workers: 4
 Periodic GC: Disabled
Heap:
 garbage-first heap   total 262144K, used 55684K [0x00000000e0000000, 0x0000000100000000)
  region size 1024K, 26 young (26624K), 16 survivors (16384K)
 Metaspace       used 60802K, committed 61440K, reserved 393216K
  class space    used 8542K, committed 8832K, reserved 327680K
GC Heap History (14 events):
Event: 0.359 GC heap before
{Heap before GC invocations=0 (full 0):
 garbage-first heap   total 262144K, used 12288K [0x00000000e0000000, 0x0000000100000000)
  region size 1024K, 13 young (13312K), 0 survivors (0K)
 Metaspace       used 749K, committed 832K, reserved 393216K
  class space    used 61K, committed 128K, reserved 327680K
}
Event: 0.361 GC heap after
{Heap after GC invocations=1 (full 0):
 garbage-first heap   total 262144K, used 1252K [0x00000000e0000000, 0x0000000100000000)
  region size 1024K, 2 young (2048K), 2 survivors (2048K)
 Metaspace       used 749K, committed 832K, reserved 393216K
  class space    used 61K, committed 128K, reserved 327680K
}
Event: 0.970 GC heap before
{Heap before GC invocations=1 (full 0):
 garbage-first heap   total 262144K, used 22756K [0x00000000e0000000, 0x0000000100000000)
  region size 1024K, 21 young (21504K), 2 survivors (2048K)
 Metaspace       used 2254K, committed 2432K, reserved 393216K
  class space    used 240K, committed 320K, reserved 327680K
}
Event: 0.974 GC heap after
{Heap after GC invocations=2 (full 0):
 garbage-first heap   total 262144K, used 9846K [0x00000000e0000000, 0x0000000100000000)
  region size 1024K, 3 young (3072K), 3 survivors (3072K)
 Metaspace       used 2254K, committed 2432K, reserved 393216K
  class space    used 240K, committed 320K, reserved 327680K
}
Event: 4.630 GC heap before
{Heap before GC invocations=2 (full 0):
 garbage-first heap   total 262144K, used 165494K [0x00000000e0000000, 0x0000000100000000)
  region size 1024K, 153 young (156672K), 3 survivors (3072K)
 Metaspace       used 18369K, committed 18688K, reserved 393216K
  class space    used 2653K, committed 2816K, reserved 327680K
}
Event: 4.647 GC heap after
{Heap after GC invocations=3 (full 0):
 garbage-first heap   total 262144K, used 22063K [0x00000000e0000000, 0x0000000100000000)
  region size 1024K, 14 young (14336K), 14 survivors (14336K)
 Metaspace       used 18369K, committed 18688K, reserved 393216K
  class space    used 2653K, committed 2816K, reserved 327680K
}
Event: 5.255 GC heap before
{Heap before GC invocations=3 (full 0):
 garbage-first heap   total 262144K, used 48687K [0x00000000e0000000, 0x0000000100000000)
  region size 1024K, 41 young (41984K), 14 survivors (14336K)
 Metaspace       used 21207K, committed 21504K, reserved 393216K
  class space    used 3109K, committed 3264K, reserved 327680K
}
Event: 5.275 GC heap after
{Heap after GC invocations=4 (full 0):
 garbage-first heap   total 262144K, used 23946K [0x00000000e0000000, 0x0000000100000000)
  region size 1024K, 3 young (3072K), 3 survivors (3072K)
 Metaspace       used 21207K, committed 21504K, reserved 393216K
  class space    used 3109K, committed 3264K, reserved 327680K
}
Event: 7.944 GC heap before
{Heap before GC invocations=5 (full 0):
 garbage-first heap   total 262144K, used 147850K [0x00000000e0000000, 0x0000000100000000)
  region size 1024K, 121 young (123904K), 3 survivors (3072K)
 Metaspace       used 35686K, committed 36096K, reserved 393216K
  class space    used 4968K, committed 5184K, reserved 327680K
}
Event: 7.959 GC heap after
{Heap after GC invocations=6 (full 0):
 garbage-first heap   total 262144K, used 31538K [0x00000000e0000000, 0x0000000100000000)
  region size 1024K, 10 young (10240K), 10 survivors (10240K)
 Metaspace       used 35686K, committed 36096K, reserved 393216K
  class space    used 4968K, committed 5184K, reserved 327680K
}
Event: 11.884 GC heap before
{Heap before GC invocations=7 (full 0):
 garbage-first heap   total 262144K, used 180018K [0x00000000e0000000, 0x0000000100000000)
  region size 1024K, 153 young (156672K), 10 survivors (10240K)
 Metaspace       used 54893K, committed 55424K, reserved 393216K
  class space    used 7633K, committed 7872K, reserved 327680K
}
Event: 11.906 GC heap after
{Heap after GC invocations=8 (full 0):
 garbage-first heap   total 262144K, used 39700K [0x00000000e0000000, 0x0000000100000000)
  region size 1024K, 18 young (18432K), 18 survivors (18432K)
 Metaspace       used 54893K, committed 55424K, reserved 393216K
  class space    used 7633K, committed 7872K, reserved 327680K
}
Event: 13.899 GC heap before
{Heap before GC invocations=8 (full 0):
 garbage-first heap   total 262144K, used 124692K [0x00000000e0000000, 0x0000000100000000)
  region size 1024K, 102 young (104448K), 18 survivors (18432K)
 Metaspace       used 60024K, committed 60608K, reserved 393216K
  class space    used 8394K, committed 8640K, reserved 327680K
}
Event: 13.932 GC heap after
{Heap after GC invocations=9 (full 0):
 garbage-first heap   total 262144K, used 46468K [0x00000000e0000000, 0x0000000100000000)
  region size 1024K, 16 young (16384K), 16 survivors (16384K)
 Metaspace       used 60024K, committed 60608K, reserved 393216K
  class space    used 8394K, committed 8640K, reserved 327680K
}

